2018-07-18 06:09:16 - info: Сервер успешно запущен на порте: 3000
2018-07-18 06:22:03 - info: Сервер успешно запущен на порте: 3000
2018-07-18 06:22:43 - info: Сервер успешно запущен на порте: 3000
2018-07-18 06:22:53 - error: Unable to connect to the database: SequelizeConnectionError: connect ETIMEDOUT
    at Utils.Promise.tap.then.catch.err (/Users/macbook/Desktop/myhockeyband/node_modules/sequelize/lib/dialects/mysql/connection-manager.js:149:19)
    at tryCatcher (/Users/macbook/Desktop/myhockeyband/node_modules/bluebird/js/release/util.js:16:23)
    at Promise._settlePromiseFromHandler (/Users/macbook/Desktop/myhockeyband/node_modules/bluebird/js/release/promise.js:512:31)
    at Promise._settlePromise (/Users/macbook/Desktop/myhockeyband/node_modules/bluebird/js/release/promise.js:569:18)
    at Promise._settlePromise0 (/Users/macbook/Desktop/myhockeyband/node_modules/bluebird/js/release/promise.js:614:10)
    at Promise._settlePromises (/Users/macbook/Desktop/myhockeyband/node_modules/bluebird/js/release/promise.js:689:18)
    at Async._drainQueue (/Users/macbook/Desktop/myhockeyband/node_modules/bluebird/js/release/async.js:133:16)
    at Async._drainQueues (/Users/macbook/Desktop/myhockeyband/node_modules/bluebird/js/release/async.js:143:10)
    at Immediate.Async.drainQueues (/Users/macbook/Desktop/myhockeyband/node_modules/bluebird/js/release/async.js:17:14)
    at runCallback (timers.js:810:20)
    at tryOnImmediate (timers.js:768:5)
    at processImmediate [as _immediateCallback] (timers.js:745:5)
2018-07-18 06:24:56 - info: Сервер успешно запущен на порте: 3306
2018-07-18 06:24:57 - error: Unable to connect to the database: SequelizeAccessDeniedError: Access denied for user 'dbuser'@'95-27-83-189.broadband.corbina.ru' (using password: YES)
    at Utils.Promise.tap.then.catch.err (/Users/macbook/Desktop/myhockeyband/node_modules/sequelize/lib/dialects/mysql/connection-manager.js:141:19)
    at tryCatcher (/Users/macbook/Desktop/myhockeyband/node_modules/bluebird/js/release/util.js:16:23)
    at Promise._settlePromiseFromHandler (/Users/macbook/Desktop/myhockeyband/node_modules/bluebird/js/release/promise.js:512:31)
    at Promise._settlePromise (/Users/macbook/Desktop/myhockeyband/node_modules/bluebird/js/release/promise.js:569:18)
    at Promise._settlePromise0 (/Users/macbook/Desktop/myhockeyband/node_modules/bluebird/js/release/promise.js:614:10)
    at Promise._settlePromises (/Users/macbook/Desktop/myhockeyband/node_modules/bluebird/js/release/promise.js:689:18)
    at Async._drainQueue (/Users/macbook/Desktop/myhockeyband/node_modules/bluebird/js/release/async.js:133:16)
    at Async._drainQueues (/Users/macbook/Desktop/myhockeyband/node_modules/bluebird/js/release/async.js:143:10)
    at Immediate.Async.drainQueues (/Users/macbook/Desktop/myhockeyband/node_modules/bluebird/js/release/async.js:17:14)
    at runCallback (timers.js:810:20)
    at tryOnImmediate (timers.js:768:5)
    at processImmediate [as _immediateCallback] (timers.js:745:5)
2018-07-18 06:26:25 - info: Сервер успешно запущен на порте: 3000
2018-07-18 06:26:26 - error: Unable to connect to the database: SequelizeAccessDeniedError: Access denied for user 'dbuser'@'95-27-83-189.broadband.corbina.ru' (using password: YES)
    at Utils.Promise.tap.then.catch.err (/Users/macbook/Desktop/myhockeyband/node_modules/sequelize/lib/dialects/mysql/connection-manager.js:141:19)
    at tryCatcher (/Users/macbook/Desktop/myhockeyband/node_modules/bluebird/js/release/util.js:16:23)
    at Promise._settlePromiseFromHandler (/Users/macbook/Desktop/myhockeyband/node_modules/bluebird/js/release/promise.js:512:31)
    at Promise._settlePromise (/Users/macbook/Desktop/myhockeyband/node_modules/bluebird/js/release/promise.js:569:18)
    at Promise._settlePromise0 (/Users/macbook/Desktop/myhockeyband/node_modules/bluebird/js/release/promise.js:614:10)
    at Promise._settlePromises (/Users/macbook/Desktop/myhockeyband/node_modules/bluebird/js/release/promise.js:689:18)
    at Async._drainQueue (/Users/macbook/Desktop/myhockeyband/node_modules/bluebird/js/release/async.js:133:16)
    at Async._drainQueues (/Users/macbook/Desktop/myhockeyband/node_modules/bluebird/js/release/async.js:143:10)
    at Immediate.Async.drainQueues (/Users/macbook/Desktop/myhockeyband/node_modules/bluebird/js/release/async.js:17:14)
    at runCallback (timers.js:810:20)
    at tryOnImmediate (timers.js:768:5)
    at processImmediate [as _immediateCallback] (timers.js:745:5)
2018-07-18 06:30:05 - info: Сервер успешно запущен на порте: 3000
2018-07-18 06:30:05 - error: Unable to connect to the database: SequelizeAccessDeniedError: Access denied for user 'dbuser'@'95-27-83-189.broadband.corbina.ru' (using password: YES)
    at Utils.Promise.tap.then.catch.err (/Users/macbook/Desktop/myhockeyband/node_modules/sequelize/lib/dialects/mysql/connection-manager.js:141:19)
    at tryCatcher (/Users/macbook/Desktop/myhockeyband/node_modules/bluebird/js/release/util.js:16:23)
    at Promise._settlePromiseFromHandler (/Users/macbook/Desktop/myhockeyband/node_modules/bluebird/js/release/promise.js:512:31)
    at Promise._settlePromise (/Users/macbook/Desktop/myhockeyband/node_modules/bluebird/js/release/promise.js:569:18)
    at Promise._settlePromise0 (/Users/macbook/Desktop/myhockeyband/node_modules/bluebird/js/release/promise.js:614:10)
    at Promise._settlePromises (/Users/macbook/Desktop/myhockeyband/node_modules/bluebird/js/release/promise.js:689:18)
    at Async._drainQueue (/Users/macbook/Desktop/myhockeyband/node_modules/bluebird/js/release/async.js:133:16)
    at Async._drainQueues (/Users/macbook/Desktop/myhockeyband/node_modules/bluebird/js/release/async.js:143:10)
    at Immediate.Async.drainQueues (/Users/macbook/Desktop/myhockeyband/node_modules/bluebird/js/release/async.js:17:14)
    at runCallback (timers.js:810:20)
    at tryOnImmediate (timers.js:768:5)
    at processImmediate [as _immediateCallback] (timers.js:745:5)
2018-07-18 06:37:51 - info: Сервер успешно запущен на порте: 3000
2018-07-18 06:37:52 - error: Unable to connect to the database: SequelizeAccessDeniedError: Access denied for user 'dbuser'@'95-27-83-189.broadband.corbina.ru' (using password: YES)
    at Utils.Promise.tap.then.catch.err (/Users/macbook/Desktop/myhockeyband/node_modules/sequelize/lib/dialects/mysql/connection-manager.js:141:19)
    at tryCatcher (/Users/macbook/Desktop/myhockeyband/node_modules/bluebird/js/release/util.js:16:23)
    at Promise._settlePromiseFromHandler (/Users/macbook/Desktop/myhockeyband/node_modules/bluebird/js/release/promise.js:512:31)
    at Promise._settlePromise (/Users/macbook/Desktop/myhockeyband/node_modules/bluebird/js/release/promise.js:569:18)
    at Promise._settlePromise0 (/Users/macbook/Desktop/myhockeyband/node_modules/bluebird/js/release/promise.js:614:10)
    at Promise._settlePromises (/Users/macbook/Desktop/myhockeyband/node_modules/bluebird/js/release/promise.js:689:18)
    at Async._drainQueue (/Users/macbook/Desktop/myhockeyband/node_modules/bluebird/js/release/async.js:133:16)
    at Async._drainQueues (/Users/macbook/Desktop/myhockeyband/node_modules/bluebird/js/release/async.js:143:10)
    at Immediate.Async.drainQueues (/Users/macbook/Desktop/myhockeyband/node_modules/bluebird/js/release/async.js:17:14)
    at runCallback (timers.js:810:20)
    at tryOnImmediate (timers.js:768:5)
    at processImmediate [as _immediateCallback] (timers.js:745:5)
2018-07-18 06:38:20 - info: Сервер успешно запущен на порте: 3000
2018-07-18 06:38:30 - error: Unable to connect to the database: SequelizeConnectionError: connect ETIMEDOUT
    at Utils.Promise.tap.then.catch.err (/Users/macbook/Desktop/myhockeyband/node_modules/sequelize/lib/dialects/mysql/connection-manager.js:149:19)
    at tryCatcher (/Users/macbook/Desktop/myhockeyband/node_modules/bluebird/js/release/util.js:16:23)
    at Promise._settlePromiseFromHandler (/Users/macbook/Desktop/myhockeyband/node_modules/bluebird/js/release/promise.js:512:31)
    at Promise._settlePromise (/Users/macbook/Desktop/myhockeyband/node_modules/bluebird/js/release/promise.js:569:18)
    at Promise._settlePromise0 (/Users/macbook/Desktop/myhockeyband/node_modules/bluebird/js/release/promise.js:614:10)
    at Promise._settlePromises (/Users/macbook/Desktop/myhockeyband/node_modules/bluebird/js/release/promise.js:689:18)
    at Async._drainQueue (/Users/macbook/Desktop/myhockeyband/node_modules/bluebird/js/release/async.js:133:16)
    at Async._drainQueues (/Users/macbook/Desktop/myhockeyband/node_modules/bluebird/js/release/async.js:143:10)
    at Immediate.Async.drainQueues (/Users/macbook/Desktop/myhockeyband/node_modules/bluebird/js/release/async.js:17:14)
    at runCallback (timers.js:810:20)
    at tryOnImmediate (timers.js:768:5)
    at processImmediate [as _immediateCallback] (timers.js:745:5)
2018-07-18 06:38:53 - info: Сервер успешно запущен на порте: 3000
2018-07-18 06:38:53 - error: Unable to connect to the database: SequelizeAccessDeniedError: Access denied for user 'dbuser'@'95-27-83-189.broadband.corbina.ru' (using password: YES)
    at Utils.Promise.tap.then.catch.err (/Users/macbook/Desktop/myhockeyband/node_modules/sequelize/lib/dialects/mysql/connection-manager.js:141:19)
    at tryCatcher (/Users/macbook/Desktop/myhockeyband/node_modules/bluebird/js/release/util.js:16:23)
    at Promise._settlePromiseFromHandler (/Users/macbook/Desktop/myhockeyband/node_modules/bluebird/js/release/promise.js:512:31)
    at Promise._settlePromise (/Users/macbook/Desktop/myhockeyband/node_modules/bluebird/js/release/promise.js:569:18)
    at Promise._settlePromise0 (/Users/macbook/Desktop/myhockeyband/node_modules/bluebird/js/release/promise.js:614:10)
    at Promise._settlePromises (/Users/macbook/Desktop/myhockeyband/node_modules/bluebird/js/release/promise.js:689:18)
    at Async._drainQueue (/Users/macbook/Desktop/myhockeyband/node_modules/bluebird/js/release/async.js:133:16)
    at Async._drainQueues (/Users/macbook/Desktop/myhockeyband/node_modules/bluebird/js/release/async.js:143:10)
    at Immediate.Async.drainQueues (/Users/macbook/Desktop/myhockeyband/node_modules/bluebird/js/release/async.js:17:14)
    at runCallback (timers.js:810:20)
    at tryOnImmediate (timers.js:768:5)
    at processImmediate [as _immediateCallback] (timers.js:745:5)
2018-07-18 06:40:31 - info: Сервер успешно запущен на порте: 3000
2018-07-18 06:40:32 - error: Unable to connect to the database: SequelizeConnectionError: Unknown database 'hockeydb'
    at Utils.Promise.tap.then.catch.err (/Users/macbook/Desktop/myhockeyband/node_modules/sequelize/lib/dialects/mysql/connection-manager.js:149:19)
    at tryCatcher (/Users/macbook/Desktop/myhockeyband/node_modules/bluebird/js/release/util.js:16:23)
    at Promise._settlePromiseFromHandler (/Users/macbook/Desktop/myhockeyband/node_modules/bluebird/js/release/promise.js:512:31)
    at Promise._settlePromise (/Users/macbook/Desktop/myhockeyband/node_modules/bluebird/js/release/promise.js:569:18)
    at Promise._settlePromise0 (/Users/macbook/Desktop/myhockeyband/node_modules/bluebird/js/release/promise.js:614:10)
    at Promise._settlePromises (/Users/macbook/Desktop/myhockeyband/node_modules/bluebird/js/release/promise.js:689:18)
    at Async._drainQueue (/Users/macbook/Desktop/myhockeyband/node_modules/bluebird/js/release/async.js:133:16)
    at Async._drainQueues (/Users/macbook/Desktop/myhockeyband/node_modules/bluebird/js/release/async.js:143:10)
    at Immediate.Async.drainQueues (/Users/macbook/Desktop/myhockeyband/node_modules/bluebird/js/release/async.js:17:14)
    at runCallback (timers.js:810:20)
    at tryOnImmediate (timers.js:768:5)
    at processImmediate [as _immediateCallback] (timers.js:745:5)
2018-07-18 06:40:51 - info: Сервер успешно запущен на порте: 3000
2018-07-18 06:40:52 - info: Connection has been established successfully.
